<?xml version="1.0" encoding="UTF-8"?>
<testsuite xmlns:xsi="http://www.w3.org/2001/XMLSchema-instance" xsi:noNamespaceSchemaLocation="https://maven.apache.org/surefire/maven-surefire-plugin/xsd/surefire-test-report-3.0.xsd" version="3.0" name="address.data.AddressBookTest" time="4.727" tests="8" errors="0" skipped="0" failures="0">
  <properties>
[...]
</properties>
  <testcase name="testSingletonInstance" classname="address.data.AddressBookTest" time="0.004"/>
  <testcase name="testIsValidAddressEntry" classname="address.data.AddressBookTest" time="0.001"/>
  <testcase name="testAddAddress" classname="address.data.AddressBookTest" time="0.019">
    <system-out><![CDATA[&amp#27;[1m&amp#27;[38;2;122;83;179m0	&amp#27;[0m&amp#27;[38;2;255;255;255mPrimera entrada Primera entrada única para pruebas
	Antigua Coatzacoalcos, Veracruz 96536
	primero@gmail.com	9211111111
&amp#27;[0m
&amp#27;[1m&amp#27;[38;2;122;83;179m1	&amp#27;[0m&amp#27;[38;2;255;255;255mSegunda entrada Segunda entrada única para pruebas
	Antigua Coatzacoalcos, Veracruz 96536
	segundo@gmail.com	9212222222
&amp#27;[0m
]]></system-out>
    <system-err><![CDATA[&amp#27;[48;2;255;0;0m&amp#27;[1m&amp#27;[38;2;255;255;255m[Error al escribir en el archivo] address_book\src\main\resources\AddressBook.txt&amp#27;[0m
&amp#27;[48;2;255;0;0m&amp#27;[1m&amp#27;[38;2;255;255;255m[Error al escribir en el archivo] address_book\src\main\resources\AddressBook.txt&amp#27;[0m
]]></system-err>
  </testcase>
  <testcase name="testShowAllAddress" classname="address.data.AddressBookTest" time="0.008">
    <system-out><![CDATA[&amp#27;[38;2;245;213;99m¡Este contacto ya existe! &amp#27;[0mPrimera entrada Primera entrada única para pruebas Antigua Coatzacoalcos Veracruz 96536 primero@gmail.com 9211111111
&amp#27;[38;2;245;213;99m¡Este contacto ya existe! &amp#27;[0mSegunda entrada Segunda entrada única para pruebas Antigua Coatzacoalcos Veracruz 96536 segundo@gmail.com 9212222222
]]></system-out>
  </testcase>
  <testcase name="testYesDeleteAddress" classname="address.data.AddressBookTest" time="0.001">
    <system-out><![CDATA[&amp#27;[38;2;245;213;99m¡Este contacto ya existe! &amp#27;[0mPrimera entrada Primera entrada única para pruebas Antigua Coatzacoalcos Veracruz 96536 primero@gmail.com 9211111111
&amp#27;[1m&amp#27;[38;2;122;83;179m0	&amp#27;[0m&amp#27;[38;2;255;255;255mPrimera entrada Primera entrada única para pruebas
	Antigua Coatzacoalcos, Veracruz 96536
	primero@gmail.com	9211111111
&amp#27;[0m
&amp#27;[1m&amp#27;[38;2;122;83;179m0	&amp#27;[0m&amp#27;[38;2;255;255;255mPrimera entrada Primera entrada única para pruebas
	Antigua Coatzacoalcos, Veracruz 96536
	primero@gmail.com	9211111111
&amp#27;[0m
Ingresar &amp#27;[1m&amp#27;[38;2;111;178;9mY&amp#27;[0m eliminará todos los registros.
Ingresar &amp#27;[1m&amp#27;[38;2;111;178;9mY [número] [número_2]&amp#27;[0m eliminará los registros seleccionados.
Ingresar &amp#27;[1m&amp#27;[38;2;255;0;0mN&amp#27;[0m no eliminará ningún contacto.
&amp#27;[38;2;245;213;99mIngresa una opción válida: &amp#27;[0m]]></system-out>
    <system-err><![CDATA[&amp#27;[48;2;255;0;0m&amp#27;[1m&amp#27;[38;2;255;255;255m[Error al manipular el archivo] address_book\src\main\resources\AddressBook.txt&amp#27;[0m
]]></system-err>
  </testcase>
  <testcase name="testAddAddressFromFileWithValidFile" classname="address.data.AddressBookTest" time="4.679">
    <system-out><![CDATA[false
&amp#27;[38;2;111;178;9m[Archivo procesado correctamente]&amp#27;[0m
C:\Users\kukuo\Downloads\disqueimportante\proyecto\address_book\src\test\java\resources\testAddressBook.txt
false
&amp#27;[38;2;245;213;99m¡Este contacto ya existe! &amp#27;[0mAdrián Herrera Jeronimo Antigua 12 Coatzacoalcos Veracruz 96536 zS22017018@estudiantes.uv.mx 9211430623
&amp#27;[38;2;245;213;99m¡Este contacto ya existe! &amp#27;[0mJuan Arias Revolución 22 Minatitlán Veracruz 94233 juan@gmail.com 9224236652
&amp#27;[38;2;245;213;99m¡Este contacto ya existe! &amp#27;[0mMaria Flores Roble 18 Coatzacoalcos Veracruz 96535 maria@gmail.com 9214233245
&amp#27;[38;2;245;213;99m¡Este contacto ya existe! &amp#27;[0mNorma Perez Juan Escutia 1022 Minatitlán Veracruz 95000 norma@gmail.com 9226666555
&amp#27;[38;2;245;213;99m¡Este contacto ya existe! &amp#27;[0mJosé Camacho Independencia 142 Xalapa Veracruz 96400 josec@gmail.com 9284236652
&amp#27;[38;2;245;213;99m¡Este contacto ya existe! &amp#27;[0mCarlos Alberto Carmona Buenos Aires Coatzacoalcos Veracruz 96534 betolandia@gmail.com 9211231236
&amp#27;[38;2;111;178;9m[Archivo procesado correctamente]&amp#27;[0m
C:\Users\kukuo\Downloads\disqueimportante\proyecto\address_book\src\test\java\resources\testAddressBook.txt
]]></system-out>
  </testcase>
  <testcase name="testNoDeleteAddress" classname="address.data.AddressBookTest" time="0.002">
    <system-out><![CDATA[&amp#27;[38;2;245;213;99m¡Este contacto ya existe! &amp#27;[0mSegunda entrada Segunda entrada única para pruebas Antigua Coatzacoalcos Veracruz 96536 segundo@gmail.com 9212222222
&amp#27;[1m&amp#27;[38;2;122;83;179m6	&amp#27;[0m&amp#27;[38;2;255;255;255mSegunda entrada Segunda entrada única para pruebas
	Antigua Coatzacoalcos, Veracruz 96536
	segundo@gmail.com	9212222222
&amp#27;[0m
&amp#27;[1m&amp#27;[38;2;122;83;179m6	&amp#27;[0m&amp#27;[38;2;255;255;255mSegunda entrada Segunda entrada única para pruebas
	Antigua Coatzacoalcos, Veracruz 96536
	segundo@gmail.com	9212222222
&amp#27;[0m
Ingresar &amp#27;[1m&amp#27;[38;2;111;178;9mY&amp#27;[0m eliminará todos los registros.
Ingresar &amp#27;[1m&amp#27;[38;2;111;178;9mY [número] [número_2]&amp#27;[0m eliminará los registros seleccionados.
Ingresar &amp#27;[1m&amp#27;[38;2;255;0;0mN&amp#27;[0m no eliminará ningún contacto.
&amp#27;[38;2;245;213;99mIngresa una opción válida: &amp#27;[0m&amp#27;[48;2;255;0;0m&amp#27;[1m&amp#27;[38;2;255;255;255m[Operación cancelada]&amp#27;[0m Se seleccionó cancelar la operación
&amp#27;[1m&amp#27;[38;2;122;83;179m6	&amp#27;[0m&amp#27;[38;2;255;255;255mSegunda entrada Segunda entrada única para pruebas
	Antigua Coatzacoalcos, Veracruz 96536
	segundo@gmail.com	9212222222
&amp#27;[0m
]]></system-out>
  </testcase>
  <testcase name="testSearchAddress" classname="address.data.AddressBookTest" time="0.002">
    <system-out><![CDATA[&amp#27;[38;2;245;213;99m¡Este contacto ya existe! &amp#27;[0mSegunda entrada Segunda entrada única para pruebas Antigua Coatzacoalcos Veracruz 96536 segundo@gmail.com 9212222222
&amp#27;[1m&amp#27;[38;2;122;83;179m6	&amp#27;[0m&amp#27;[38;2;255;255;255mPrimera entrada Primera entrada única para pruebas
	Antigua Coatzacoalcos, Veracruz 96536
	primero@gmail.com	9211111111
&amp#27;[0m
&amp#27;[1m&amp#27;[38;2;122;83;179m7	&amp#27;[0m&amp#27;[38;2;255;255;255mSegunda entrada Segunda entrada única para pruebas
	Antigua Coatzacoalcos, Veracruz 96536
	segundo@gmail.com	9212222222
&amp#27;[0m
]]></system-out>
    <system-err><![CDATA[&amp#27;[48;2;255;0;0m&amp#27;[1m&amp#27;[38;2;255;255;255m[Error al escribir en el archivo] address_book\src\main\resources\AddressBook.txt&amp#27;[0m
]]></system-err>
  </testcase>
</testsuite>